<?xml version="1.0" encoding="UTF-8"?>
<coverage generated="1788999922034" clover="3.2.0">
  <project timestamp="1788999922035" name="All files">
    <metrics statements="17" coveredstatements="15" conditionals="1" coveredconditionals="1" methods="2" coveredmethods="1" elements="20" coveredelements="17" complexity="0" loc="17" ncloc="17" packages="1" files="1" classes="1"/>
    <file name="schedule.service.ts" path="/home/gabriel/Documentos/IFBA/7- Setimo semestre/Qualidade de Software/tdd_project/src/services/schedule.service.ts">
      <metrics statements="17" coveredstatements="15" conditionals="1" coveredconditionals="1" methods="2" coveredmethods="1"/>
      <line num="1" count="1" type="stmt"/>
      <line num="2" count="1" type="stmt"/>
      <line num="3" count="1" type="stmt"/>
      <line num="4" count="1" type="stmt"/>
      <line num="5" count="1" type="cond" truecount="1" falsecount="0"/>
      <line num="6" count="3" type="stmt"/>
      <line num="7" count="3" type="stmt"/>
      <line num="8" count="3" type="stmt"/>
      <line num="9" count="3" type="stmt"/>
      <line num="10" count="3" type="stmt"/>
      <line num="11" count="1" type="stmt"/>
      <line num="12" count="1" type="stmt"/>
      <line num="13" count="0" type="stmt"/>
      <line num="14" count="0" type="stmt"/>
      <line num="15" count="1" type="stmt"/>
      <line num="16" count="1" type="stmt"/>
      <line num="17" count="1" type="stmt"/>
    </file>
  </project>
</coverage>
