{"/home/gabriel/Documentos/IFBA/7- Setimo semestre/Qualidade de Software/tdd_project/src/services/schedule.service.ts": {"path":"/home/gabriel/Documentos/IFBA/7- Setimo semestre/Qualidade de Software/tdd_project/src/services/schedule.service.ts","all":false,"statementMap":{"0":{"start":{"line":1,"column":0},"end":{"line":1,"column":47}},"1":{"start":{"line":2,"column":0},"end":{"line":2,"column":55}},"2":{"start":{"line":3,"column":0},"end":{"line":3,"column":0}},"3":{"start":{"line":4,"column":0},"end":{"line":4,"column":23}},"4":{"start":{"line":5,"column":0},"end":{"line":5,"column":30}},"5":{"start":{"line":6,"column":0},"end":{"line":6,"column":19}},"6":{"start":{"line":7,"column":0},"end":{"line":7,"column":23}},"7":{"start":{"line":8,"column":0},"end":{"line":8,"column":22}},"8":{"start":{"line":9,"column":0},"end":{"line":9,"column":39}},"9":{"start":{"line":10,"column":0},"end":{"line":10,"column":3}},"10":{"start":{"line":11,"column":0},"end":{"line":11,"column":0}},"11":{"start":{"line":12,"column":0},"end":{"line":12,"column":55}},"12":{"start":{"line":13,"column":0},"end":{"line":13,"column":39}},"13":{"start":{"line":14,"column":0},"end":{"line":14,"column":3}},"14":{"start":{"line":15,"column":0},"end":{"line":15,"column":1}},"15":{"start":{"line":16,"column":0},"end":{"line":16,"column":0}},"16":{"start":{"line":17,"column":0},"end":{"line":17,"column":33}}},"s":{"0":1,"1":1,"2":1,"3":1,"4":1,"5":3,"6":3,"7":3,"8":3,"9":3,"10":1,"11":1,"12":0,"13":0,"14":1,"15":1,"16":1},"branchMap":{"0":{"type":"branch","line":5,"loc":{"start":{"line":5,"column":9},"end":{"line":10,"column":3}},"locations":[{"start":{"line":5,"column":9},"end":{"line":10,"column":3}}]}},"b":{"0":[3]},"fnMap":{"0":{"name":"calculatePrice","decl":{"start":{"line":5,"column":9},"end":{"line":10,"column":3}},"loc":{"start":{"line":5,"column":9},"end":{"line":10,"column":3}},"line":5},"1":{"name":"countPastConsultations","decl":{"start":{"line":12,"column":9},"end":{"line":14,"column":3}},"loc":{"start":{"line":12,"column":9},"end":{"line":14,"column":3}},"line":12}},"f":{"0":3,"1":0}}
}
