TN:
SF:src/db/memory.db.ts
FN:5,MemoryDb
FNF:1
FNH:1
FNDA:34,MemoryDb
DA:1,1
DA:2,1
DA:3,1
DA:4,1
DA:5,34
DA:6,34
DA:7,34
DA:8,34
DA:9,34
DA:10,1
DA:11,1
DA:12,1
DA:13,1
LF:13
LH:13
BRDA:5,0,0,34
BRF:1
BRH:1
end_of_record
TN:
SF:src/services/animal.service.ts
FN:7,AnimalService
FN:11,registerAnimal
FN:21,getTotalSpent
FN:29,getTotalSpentForAnimals
FN:36,filterAnimalsBySpending
FN:49,sortAnimalsBySpending
FN:61,removeAnimalsWithoutSchedules
FN:65,findAnimalByName
FN:72,rankingBySpending
FN:76,schedulesFor
FN:83,ensureAnimalExists
FNF:11
FNH:11
FNDA:34,AnimalService
FNDA:20,registerAnimal
FNDA:15,getTotalSpent
FNDA:2,getTotalSpentForAnimals
FNDA:1,filterAnimalsBySpending
FNDA:2,sortAnimalsBySpending
FNDA:1,removeAnimalsWithoutSchedules
FNDA:1,findAnimalByName
FNDA:1,rankingBySpending
FNDA:16,schedulesFor
FNDA:15,ensureAnimalExists
DA:1,1
DA:2,1
DA:3,1
DA:4,1
DA:5,1
DA:6,1
DA:7,1
DA:8,34
DA:9,34
DA:10,1
DA:11,1
DA:12,20
DA:13,20
DA:14,20
DA:15,20
DA:16,20
DA:17,20
DA:18,20
DA:19,20
DA:20,1
DA:21,1
DA:22,15
DA:23,15
DA:24,15
DA:25,15
DA:26,15
DA:27,15
DA:28,1
DA:29,1
DA:30,2
DA:31,2
DA:32,2
DA:33,2
DA:34,2
DA:35,1
DA:36,1
DA:37,1
DA:38,1
DA:39,1
DA:40,1
DA:41,1
DA:42,2
DA:43,1
DA:44,1
DA:45,2
DA:46,1
DA:47,1
DA:48,1
DA:49,1
DA:50,2
DA:51,2
DA:52,4
DA:53,4
DA:54,2
DA:55,2
DA:56,2
DA:57,2
DA:58,2
DA:59,2
DA:60,1
DA:61,1
DA:62,1
DA:63,1
DA:64,1
DA:65,1
DA:66,1
DA:67,1
DA:68,1
DA:69,1
DA:70,1
DA:71,1
DA:72,1
DA:73,1
DA:74,1
DA:75,1
DA:76,1
DA:77,16
DA:78,16
DA:79,16
DA:80,16
DA:81,16
DA:82,1
DA:83,1
DA:84,15
DA:85,1
DA:86,1
DA:87,15
DA:88,1
DA:89,1
DA:90,1
DA:91,1
DA:92,1
LF:92
LH:92
BRDA:7,0,0,34
BRDA:11,1,0,20
BRDA:21,2,0,15
BRDA:24,3,0,13
BRDA:29,4,0,2
BRDA:31,5,0,4
BRDA:33,6,0,4
BRDA:36,7,0,1
BRDA:41,8,0,2
BRDA:42,9,0,1
BRDA:49,10,0,2
BRDA:51,11,0,4
BRDA:57,12,0,2
BRDA:58,13,0,4
BRDA:61,14,0,1
BRDA:62,15,0,2
BRDA:65,16,0,1
BRDA:69,17,0,2
BRDA:72,18,0,1
BRDA:76,19,0,16
BRDA:80,20,0,13
BRDA:80,21,0,3
BRDA:78,22,0,25
BRDA:83,23,0,15
BRDA:84,24,0,1
BRF:25
BRH:25
end_of_record
TN:
SF:src/services/pet-owner.service.ts
FN:7,PetOwnerService
FN:11,registerPetOwner
FN:18,findPetOwnerByEmail
FN:24,getAnimals
FN:28,getTotalSpent
FNF:5
FNH:5
FNDA:34,PetOwnerService
FNDA:4,registerPetOwner
FNDA:4,findPetOwnerByEmail
FNDA:1,getAnimals
FNDA:1,getTotalSpent
DA:1,1
DA:2,1
DA:3,1
DA:4,1
DA:5,1
DA:6,1
DA:7,1
DA:8,34
DA:9,34
DA:10,1
DA:11,1
DA:12,4
DA:13,4
DA:14,4
DA:15,4
DA:16,4
DA:17,1
DA:18,1
DA:19,4
DA:20,4
DA:21,4
DA:22,4
DA:23,1
DA:24,1
DA:25,1
DA:26,1
DA:27,1
DA:28,1
DA:29,1
DA:30,1
DA:31,1
DA:32,1
DA:33,1
DA:34,1
DA:35,1
DA:36,1
DA:37,1
DA:38,1
LF:38
LH:38
BRDA:7,0,0,34
BRDA:11,1,0,4
BRDA:18,2,0,4
BRDA:20,3,0,3
BRDA:24,4,0,1
BRDA:28,5,0,1
BRDA:30,6,0,2
BRF:7
BRH:7
end_of_record
TN:
SF:src/services/schedule.service.ts
FN:8,ScheduleService
FN:12,calculatePrice
FN:38,countPastConsultations
FN:42,registerSchedule
FN:62,isReturnWithinPeriod
FN:79,schedulesFor
FNF:6
FNH:6
FNDA:34,ScheduleService
FNDA:27,calculatePrice
FNDA:26,countPastConsultations
FNDA:17,registerSchedule
FNDA:2,isReturnWithinPeriod
FNDA:28,schedulesFor
DA:1,1
DA:2,1
DA:3,1
DA:4,1
DA:5,1
DA:6,1
DA:7,1
DA:8,1
DA:9,34
DA:10,34
DA:11,1
DA:12,1
DA:13,27
DA:14,27
DA:15,27
DA:16,27
DA:17,27
DA:18,2
DA:19,2
DA:20,25
DA:21,25
DA:22,25
DA:23,25
DA:24,25
DA:25,25
DA:26,25
DA:27,25
DA:28,27
DA:29,0
DA:30,0
DA:31,25
DA:32,27
DA:33,27
DA:34,27
DA:35,27
DA:36,27
DA:37,1
DA:38,1
DA:39,26
DA:40,26
DA:41,1
DA:42,1
DA:43,17
DA:44,17
DA:45,17
DA:46,17
DA:47,17
DA:48,17
DA:49,17
DA:50,17
DA:51,17
DA:52,17
DA:53,17
DA:54,17
DA:55,17
DA:56,17
DA:57,17
DA:58,17
DA:59,17
DA:60,17
DA:61,1
DA:62,1
DA:63,2
DA:64,2
DA:65,2
DA:66,2
DA:67,2
DA:68,2
DA:69,0
DA:70,0
DA:71,2
DA:72,2
DA:73,2
DA:74,2
DA:75,2
DA:76,2
DA:77,2
DA:78,1
DA:79,1
DA:80,28
DA:81,28
DA:82,28
DA:83,28
DA:84,28
DA:85,1
DA:86,1
DA:87,1
DA:88,1
DA:89,1
LF:89
LH:85
BRDA:8,0,0,34
BRDA:12,1,0,27
BRDA:17,2,0,5
BRDA:17,3,0,2
BRDA:20,4,0,25
BRDA:28,5,0,0
BRDA:31,6,0,25
BRDA:32,7,0,22
BRDA:33,8,0,25
BRDA:33,9,0,2
BRDA:33,10,0,23
BRDA:38,11,0,26
BRDA:42,12,0,17
BRDA:62,13,0,2
BRDA:68,14,0,0
BRDA:79,15,0,28
BRDA:83,16,0,3
BRDA:83,17,0,25
BRDA:81,18,0,8
BRF:19
BRH:17
end_of_record
TN:
SF:src/utils/index.ts
FN:15,registerPet
FN:48,listPets
FN:65,parseFutureDate
FN:94,scheduleConsultation
FN:123,validate
FN:132,validate
FN:154,listConsultations
FNF:7
FNH:5
FNDA:2,registerPet
FNDA:2,listPets
FNDA:6,parseFutureDate
FNDA:3,scheduleConsultation
FNDA:0,validate
FNDA:0,validate
FNDA:2,listConsultations
DA:1,1
DA:2,1
DA:3,1
DA:4,1
DA:5,1
DA:6,1
DA:7,1
DA:8,1
DA:9,1
DA:10,1
DA:11,1
DA:12,1
DA:13,1
DA:14,1
DA:15,1
DA:16,2
DA:17,2
DA:18,2
DA:19,2
DA:20,2
DA:21,2
DA:22,2
DA:23,2
DA:24,1
DA:25,1
DA:26,1
DA:27,1
DA:28,1
DA:29,1
DA:30,1
DA:31,1
DA:32,2
DA:33,2
DA:34,2
DA:35,2
DA:36,2
DA:37,2
DA:38,2
DA:39,2
DA:40,2
DA:41,2
DA:42,2
DA:43,2
DA:44,2
DA:45,2
DA:46,2
DA:47,1
DA:48,1
DA:49,2
DA:50,2
DA:51,2
DA:52,2
DA:53,1
DA:54,1
DA:55,1
DA:56,1
DA:57,1
DA:58,1
DA:59,1
DA:60,1
DA:61,1
DA:62,1
DA:63,1
DA:64,1
DA:65,6
DA:66,6
DA:67,6
DA:68,6
DA:69,6
DA:70,1
DA:71,1
DA:72,5
DA:73,5
DA:74,5
DA:75,5
DA:76,5
DA:77,5
DA:78,5
DA:79,5
DA:80,5
DA:81,5
DA:82,5
DA:83,6
DA:84,6
DA:85,6
DA:86,6
DA:87,6
DA:88,6
DA:89,2
DA:90,2
DA:91,3
DA:92,3
DA:93,1
DA:94,1
DA:95,3
DA:96,3
DA:97,3
DA:98,3
DA:99,1
DA:100,1
DA:101,1
DA:102,2
DA:103,2
DA:104,2
DA:105,2
DA:106,2
DA:107,2
DA:108,2
DA:109,2
DA:110,2
DA:111,2
DA:112,2
DA:113,2
DA:114,2
DA:115,2
DA:116,2
DA:117,2
DA:118,2
DA:119,2
DA:120,3
DA:121,1
DA:122,1
DA:123,1
DA:124,0
DA:125,0
DA:126,1
DA:127,1
DA:128,3
DA:129,3
DA:130,3
DA:131,3
DA:132,3
DA:133,0
DA:134,0
DA:135,3
DA:136,3
DA:137,2
DA:138,2
DA:139,3
DA:140,0
DA:141,0
DA:142,2
DA:143,2
DA:144,2
DA:145,2
DA:146,2
DA:147,2
DA:148,2
DA:149,2
DA:150,2
DA:151,2
DA:152,2
DA:153,1
DA:154,2
DA:155,2
DA:156,2
DA:157,2
DA:158,2
DA:159,2
DA:160,2
DA:161,2
DA:162,2
DA:163,1
DA:164,1
DA:165,1
DA:166,1
DA:167,1
DA:168,1
DA:169,1
DA:170,1
DA:171,1
DA:172,1
LF:172
LH:166
BRDA:15,0,0,2
BRDA:23,1,0,1
BRDA:48,2,0,2
BRDA:52,3,0,1
BRDA:65,4,0,6
BRDA:69,5,0,1
BRDA:72,6,0,5
BRDA:83,7,0,4
BRDA:84,8,0,4
BRDA:85,9,0,4
BRDA:88,10,0,4
BRDA:88,11,0,2
BRDA:91,12,0,3
BRDA:94,13,0,3
BRDA:98,14,0,1
BRDA:102,15,0,2
BRDA:120,16,0,1
BRDA:129,17,0,1
BRDA:137,18,0,2
BRDA:139,19,0,0
BRDA:142,20,0,2
BRDA:105,21,0,2
BRDA:154,22,0,2
BRDA:162,23,0,1
BRF:24
BRH:23
end_of_record
