TN:
SF:src/db/memory.db.ts
FN:5,MemoryDb
FNF:1
FNH:1
FNDA:27,MemoryDb
DA:1,1
DA:2,1
DA:3,1
DA:4,1
DA:5,27
DA:6,27
DA:7,27
DA:8,27
DA:9,27
DA:10,1
DA:11,1
DA:12,1
DA:13,1
LF:13
LH:13
BRDA:5,0,0,27
BRF:1
BRH:1
end_of_record
TN:
SF:src/services/animal.service.ts
FN:7,AnimalService
FN:11,registerAnimal
FN:21,getTotalSpent
FN:29,getTotalSpentForAnimals
FN:36,filterAnimalsBySpending
FN:49,sortAnimalsBySpending
FN:61,removeAnimalsWithoutSchedules
FN:65,findAnimalByName
FN:72,rankingBySpending
FN:76,schedulesFor
FN:83,ensureAnimalExists
FNF:11
FNH:11
FNDA:27,AnimalService
FNDA:18,registerAnimal
FNDA:14,getTotalSpent
FNDA:2,getTotalSpentForAnimals
FNDA:1,filterAnimalsBySpending
FNDA:2,sortAnimalsBySpending
FNDA:1,removeAnimalsWithoutSchedules
FNDA:1,findAnimalByName
FNDA:1,rankingBySpending
FNDA:15,schedulesFor
FNDA:14,ensureAnimalExists
DA:1,1
DA:2,1
DA:3,1
DA:4,1
DA:5,1
DA:6,1
DA:7,1
DA:8,27
DA:9,27
DA:10,1
DA:11,1
DA:12,18
DA:13,18
DA:14,18
DA:15,18
DA:16,18
DA:17,18
DA:18,18
DA:19,18
DA:20,1
DA:21,1
DA:22,14
DA:23,14
DA:24,14
DA:25,14
DA:26,14
DA:27,14
DA:28,1
DA:29,1
DA:30,2
DA:31,2
DA:32,2
DA:33,2
DA:34,2
DA:35,1
DA:36,1
DA:37,1
DA:38,1
DA:39,1
DA:40,1
DA:41,1
DA:42,2
DA:43,1
DA:44,1
DA:45,2
DA:46,1
DA:47,1
DA:48,1
DA:49,1
DA:50,2
DA:51,2
DA:52,4
DA:53,4
DA:54,2
DA:55,2
DA:56,2
DA:57,2
DA:58,2
DA:59,2
DA:60,1
DA:61,1
DA:62,1
DA:63,1
DA:64,1
DA:65,1
DA:66,1
DA:67,1
DA:68,1
DA:69,1
DA:70,1
DA:71,1
DA:72,1
DA:73,1
DA:74,1
DA:75,1
DA:76,1
DA:77,15
DA:78,15
DA:79,15
DA:80,15
DA:81,15
DA:82,1
DA:83,1
DA:84,14
DA:85,1
DA:86,1
DA:87,14
DA:88,1
DA:89,1
DA:90,1
DA:91,1
DA:92,1
LF:92
LH:92
BRDA:7,0,0,27
BRDA:11,1,0,18
BRDA:21,2,0,14
BRDA:24,3,0,13
BRDA:29,4,0,2
BRDA:31,5,0,4
BRDA:33,6,0,4
BRDA:36,7,0,1
BRDA:41,8,0,2
BRDA:42,9,0,1
BRDA:49,10,0,2
BRDA:51,11,0,4
BRDA:57,12,0,2
BRDA:58,13,0,4
BRDA:61,14,0,1
BRDA:62,15,0,2
BRDA:65,16,0,1
BRDA:69,17,0,2
BRDA:72,18,0,1
BRDA:76,19,0,15
BRDA:80,20,0,13
BRDA:80,21,0,2
BRDA:78,22,0,25
BRDA:83,23,0,14
BRDA:84,24,0,1
BRF:25
BRH:25
end_of_record
TN:
SF:src/services/pet-owner.service.ts
FN:7,PetOwnerService
FN:11,registerPetOwner
FN:18,findPetOwnerByEmail
FN:24,getAnimals
FN:28,getTotalSpent
FNF:5
FNH:5
FNDA:27,PetOwnerService
FNDA:2,registerPetOwner
FNDA:2,findPetOwnerByEmail
FNDA:1,getAnimals
FNDA:1,getTotalSpent
DA:1,1
DA:2,1
DA:3,1
DA:4,1
DA:5,1
DA:6,1
DA:7,1
DA:8,27
DA:9,27
DA:10,1
DA:11,1
DA:12,2
DA:13,2
DA:14,2
DA:15,2
DA:16,2
DA:17,1
DA:18,1
DA:19,2
DA:20,2
DA:21,2
DA:22,2
DA:23,1
DA:24,1
DA:25,1
DA:26,1
DA:27,1
DA:28,1
DA:29,1
DA:30,1
DA:31,1
DA:32,1
DA:33,1
DA:34,1
DA:35,1
DA:36,1
DA:37,1
DA:38,1
LF:38
LH:38
BRDA:7,0,0,27
BRDA:11,1,0,2
BRDA:18,2,0,2
BRDA:20,3,0,2
BRDA:24,4,0,1
BRDA:28,5,0,1
BRDA:30,6,0,2
BRF:7
BRH:7
end_of_record
TN:
SF:src/services/schedule.service.ts
FN:8,ScheduleService
FN:12,calculatePrice
FN:38,countPastConsultations
FN:42,registerSchedule
FN:62,isReturnWithinPeriod
FN:79,schedulesFor
FNF:6
FNH:6
FNDA:27,ScheduleService
FNDA:25,calculatePrice
FNDA:24,countPastConsultations
FNDA:15,registerSchedule
FNDA:2,isReturnWithinPeriod
FNDA:26,schedulesFor
DA:1,1
DA:2,1
DA:3,1
DA:4,1
DA:5,1
DA:6,1
DA:7,1
DA:8,1
DA:9,27
DA:10,27
DA:11,1
DA:12,1
DA:13,25
DA:14,25
DA:15,25
DA:16,25
DA:17,25
DA:18,2
DA:19,2
DA:20,23
DA:21,23
DA:22,23
DA:23,23
DA:24,23
DA:25,23
DA:26,23
DA:27,23
DA:28,25
DA:29,0
DA:30,0
DA:31,23
DA:32,25
DA:33,25
DA:34,25
DA:35,25
DA:36,25
DA:37,1
DA:38,1
DA:39,24
DA:40,24
DA:41,1
DA:42,1
DA:43,15
DA:44,15
DA:45,15
DA:46,15
DA:47,15
DA:48,15
DA:49,15
DA:50,15
DA:51,15
DA:52,15
DA:53,15
DA:54,15
DA:55,15
DA:56,15
DA:57,15
DA:58,15
DA:59,15
DA:60,15
DA:61,1
DA:62,1
DA:63,2
DA:64,2
DA:65,2
DA:66,2
DA:67,2
DA:68,2
DA:69,0
DA:70,0
DA:71,2
DA:72,2
DA:73,2
DA:74,2
DA:75,2
DA:76,2
DA:77,2
DA:78,1
DA:79,1
DA:80,26
DA:81,26
DA:82,26
DA:83,26
DA:84,26
DA:85,1
DA:86,1
DA:87,1
DA:88,1
DA:89,1
LF:89
LH:85
BRDA:8,0,0,27
BRDA:12,1,0,25
BRDA:17,2,0,4
BRDA:17,3,0,2
BRDA:20,4,0,23
BRDA:28,5,0,0
BRDA:31,6,0,23
BRDA:32,7,0,21
BRDA:33,8,0,23
BRDA:33,9,0,2
BRDA:33,10,0,21
BRDA:38,11,0,24
BRDA:42,12,0,15
BRDA:62,13,0,2
BRDA:68,14,0,0
BRDA:79,15,0,26
BRDA:83,16,0,3
BRDA:83,17,0,23
BRDA:81,18,0,8
BRF:19
BRH:17
end_of_record
